<?xml version="1.0" encoding="UTF-8"?>
<!-- Generated by org.testng.reporters.JUnitReportReporter -->
<testsuite hostname="LAPTOP-CNPB3TNK" failures="0" tests="1" name="pk_HotelBooking.Booking_CreateBooking_Using_File" time="3.299" errors="0" timestamp="2024-10-04T11:42:43 IST" skipped="0">
  <testcase classname="pk_HotelBooking.Booking_CreateBooking_Using_File" name="createBooking" time="3.299"/>
  <system-out/>
</testsuite> <!-- pk_HotelBooking.Booking_CreateBooking_Using_File -->
