<?xml version="1.0" encoding="UTF-8"?>
<!-- Generated by org.testng.reporters.JUnitReportReporter -->
<testsuite hostname="LAPTOP-CNPB3TNK" failures="0" tests="1" name="pk_HotelBooking.Booking_GetBooking" time="3.201" errors="0" timestamp="2024-10-04T11:12:11 IST" skipped="0">
  <testcase classname="pk_HotelBooking.Booking_GetBooking" name="GetBookingIds" time="3.201"/>
  <system-out/>
</testsuite> <!-- pk_HotelBooking.Booking_GetBooking -->
