<?xml version="1.0" encoding="UTF-8"?>
<!-- Generated by org.testng.reporters.JUnitReportReporter -->
<testsuite hostname="LAPTOP-CNPB3TNK" failures="0" tests="1" name="pk_HotelBooking.Auth_CreateToken" time="3.283" errors="0" timestamp="2024-10-04T11:28:50 IST" skipped="0">
  <testcase classname="pk_HotelBooking.Auth_CreateToken" name="createToken" time="3.283"/>
  <system-out/>
</testsuite> <!-- pk_HotelBooking.Auth_CreateToken -->
