<?xml version="1.0" encoding="UTF-8"?>
<!-- Generated by org.testng.reporters.JUnitReportReporter -->
<testsuite hostname="LAPTOP-CNPB3TNK" failures="0" tests="1" name="pk_MyNotes.Create_Notes_Delete_Notes_Before" time="0.440" errors="0" timestamp="2024-10-10T09:14:02 IST" skipped="0">
  <testcase classname="pk_MyNotes.Create_Notes_Delete_Notes_Before" name="createNotes" time="0.440"/>
  <system-out/>
</testsuite> <!-- pk_MyNotes.Create_Notes_Delete_Notes_Before -->
