<?xml version="1.0" encoding="UTF-8"?>
<!-- Generated by org.testng.reporters.JUnitReportReporter -->
<testsuite hostname="LAPTOP-CNPB3TNK" failures="0" tests="1" name="pk_HotelBooking.Booking_GetBookingIds" time="2.460" errors="0" timestamp="2024-05-22T12:42:00 IST" skipped="0">
  <testcase classname="pk_HotelBooking.Booking_GetBookingIds" name="GetBookingIds" time="2.460"/>
  <system-out/>
</testsuite> <!-- pk_HotelBooking.Booking_GetBookingIds -->
