<?xml version="1.0" encoding="UTF-8"?>
<!-- Generated by org.testng.reporters.JUnitReportReporter -->
<testsuite hostname="LAPTOP-CNPB3TNK" failures="0" tests="2" name="pk_HotelBooking.PartialUpdateBooking" time="2.670" errors="0" timestamp="2024-10-04T11:55:15 IST" skipped="0">
  <testcase classname="pk_HotelBooking.PartialUpdateBooking" name="createBooking" time="1.329"/>
  <system-out/>
  <testcase classname="pk_HotelBooking.PartialUpdateBooking" name="partial_UpdateBooking" time="1.341"/>
  <system-out/>
</testsuite> <!-- pk_HotelBooking.PartialUpdateBooking -->
